<?xml version="1.0" encoding="UTF-8"?>
<coverage generated="1679344201">
  <project timestamp="1679344201">
    <file name="/var/www/distributionOfInheritances/src/DistributionOfInheritances/Application/HeritageQuery.php">
      <class name="App\DistributionOfInheritances\Application\HeritageQuery" namespace="global">
        <metrics complexity="3" methods="3" coveredmethods="3" conditionals="0" coveredconditionals="0" statements="3" coveredstatements="3" elements="6" coveredelements="6"/>
      </class>
      <line num="10" type="method" name="__construct" visibility="public" complexity="1" crap="1" count="2"/>
      <line num="12" type="stmt" count="2"/>
      <line num="17" type="method" name="getName" visibility="public" complexity="1" crap="1" count="2"/>
      <line num="19" type="stmt" count="2"/>
      <line num="25" type="method" name="getFamily" visibility="public" complexity="1" crap="1" count="2"/>
      <line num="27" type="stmt" count="2"/>
      <metrics loc="31" ncloc="25" classes="1" methods="3" coveredmethods="3" conditionals="0" coveredconditionals="0" statements="3" coveredstatements="3" elements="6" coveredelements="6"/>
    </file>
    <file name="/var/www/distributionOfInheritances/src/DistributionOfInheritances/Application/HeritageQueryHandler.php">
      <class name="App\DistributionOfInheritances\Application\HeritageQueryHandler" namespace="global">
        <metrics complexity="2" methods="2" coveredmethods="2" conditionals="0" coveredconditionals="0" statements="6" coveredstatements="6" elements="8" coveredelements="8"/>
      </class>
      <line num="12" type="method" name="__construct" visibility="public" complexity="1" crap="1" count="2"/>
      <line num="14" type="stmt" count="2"/>
      <line num="19" type="method" name="__invoke" visibility="public" complexity="1" crap="1" count="2"/>
      <line num="21" type="stmt" count="2"/>
      <line num="22" type="stmt" count="2"/>
      <line num="24" type="stmt" count="2"/>
      <line num="25" type="stmt" count="2"/>
      <line num="26" type="stmt" count="2"/>
      <metrics loc="30" ncloc="27" classes="1" methods="2" coveredmethods="2" conditionals="0" coveredconditionals="0" statements="6" coveredstatements="6" elements="8" coveredelements="8"/>
    </file>
    <file name="/var/www/distributionOfInheritances/src/DistributionOfInheritances/Application/HeritageResponse.php">
      <class name="App\DistributionOfInheritances\Application\HeritageResponse" namespace="global">
        <metrics complexity="2" methods="2" coveredmethods="2" conditionals="0" coveredconditionals="0" statements="2" coveredstatements="2" elements="4" coveredelements="4"/>
      </class>
      <line num="11" type="method" name="__construct" visibility="public" complexity="1" crap="1" count="2"/>
      <line num="13" type="stmt" count="2"/>
      <line num="15" type="method" name="__toString" visibility="public" complexity="1" crap="1" count="2"/>
      <line num="17" type="stmt" count="2"/>
      <metrics loc="21" ncloc="21" classes="1" methods="2" coveredmethods="2" conditionals="0" coveredconditionals="0" statements="2" coveredstatements="2" elements="4" coveredelements="4"/>
    </file>
    <file name="/var/www/distributionOfInheritances/src/DistributionOfInheritances/Domain/Exceptions/FamilyMemberDuplicatedException.php">
      <class name="App\DistributionOfInheritances\Domain\Exceptions\FamilyMemberDuplicatedException" namespace="global">
        <metrics complexity="1" methods="1" coveredmethods="1" conditionals="0" coveredconditionals="0" statements="1" coveredstatements="1" elements="2" coveredelements="2"/>
      </class>
      <line num="10" type="method" name="__construct" visibility="public" complexity="1" crap="1" count="1"/>
      <line num="12" type="stmt" count="1"/>
      <metrics loc="14" ncloc="14" classes="1" methods="1" coveredmethods="1" conditionals="0" coveredconditionals="0" statements="1" coveredstatements="1" elements="2" coveredelements="2"/>
    </file>
    <file name="/var/www/distributionOfInheritances/src/DistributionOfInheritances/Domain/Exceptions/FamilyMemberNotExistException.php">
      <class name="App\DistributionOfInheritances\Domain\Exceptions\FamilyMemberNotExistException" namespace="global">
        <metrics complexity="1" methods="1" coveredmethods="1" conditionals="0" coveredconditionals="0" statements="1" coveredstatements="1" elements="2" coveredelements="2"/>
      </class>
      <line num="10" type="method" name="__construct" visibility="public" complexity="1" crap="1" count="1"/>
      <line num="12" type="stmt" count="1"/>
      <metrics loc="14" ncloc="14" classes="1" methods="1" coveredmethods="1" conditionals="0" coveredconditionals="0" statements="1" coveredstatements="1" elements="2" coveredelements="2"/>
    </file>
    <file name="/var/www/distributionOfInheritances/src/DistributionOfInheritances/Domain/Exceptions/SonOlderThanFatherException.php">
      <class name="App\DistributionOfInheritances\Domain\Exceptions\SonOlderThanFatherException" namespace="global">
        <metrics complexity="1" methods="1" coveredmethods="1" conditionals="0" coveredconditionals="0" statements="1" coveredstatements="1" elements="2" coveredelements="2"/>
      </class>
      <line num="10" type="method" name="__construct" visibility="public" complexity="1" crap="1" count="1"/>
      <line num="12" type="stmt" count="1"/>
      <metrics loc="14" ncloc="14" classes="1" methods="1" coveredmethods="1" conditionals="0" coveredconditionals="0" statements="1" coveredstatements="1" elements="2" coveredelements="2"/>
    </file>
    <file name="/var/www/distributionOfInheritances/src/DistributionOfInheritances/Domain/FamilyMember.php">
      <class name="App\DistributionOfInheritances\Domain\FamilyMember" namespace="global">
        <metrics complexity="43" methods="14" coveredmethods="13" conditionals="0" coveredconditionals="0" statements="90" coveredstatements="89" elements="104" coveredelements="102"/>
      </class>
      <line num="21" type="method" name="__construct" visibility="public" complexity="4" crap="4" count="12"/>
      <line num="27" type="stmt" count="12"/>
      <line num="28" type="stmt" count="12"/>
      <line num="29" type="stmt" count="12"/>
      <line num="30" type="stmt" count="10"/>
      <line num="37" type="method" name="getName" visibility="public" complexity="1" crap="1" count="10"/>
      <line num="39" type="stmt" count="10"/>
      <line num="42" type="method" name="getSon" visibility="public" complexity="1" crap="1" count="4"/>
      <line num="44" type="stmt" count="4"/>
      <line num="50" type="method" name="getBirthday" visibility="public" complexity="1" crap="1" count="12"/>
      <line num="52" type="stmt" count="12"/>
      <line num="58" type="method" name="getProperties" visibility="public" complexity="1" crap="1" count="3"/>
      <line num="60" type="stmt" count="3"/>
      <line num="63" type="method" name="toDistributeProperties" visibility="private" complexity="5" crap="5" count="10"/>
      <line num="65" type="stmt" count="10"/>
      <line num="66" type="stmt" count="10"/>
      <line num="67" type="stmt" count="10"/>
      <line num="68" type="stmt" count="10"/>
      <line num="69" type="stmt" count="9"/>
      <line num="70" type="stmt" count="9"/>
      <line num="71" type="stmt" count="10"/>
      <line num="72" type="stmt" count="9"/>
      <line num="73" type="stmt" count="9"/>
      <line num="74" type="stmt" count="10"/>
      <line num="75" type="stmt" count="10"/>
      <line num="78" type="stmt" count="10"/>
      <line num="79" type="stmt" count="10"/>
      <line num="86" type="method" name="distributeImmovableProperties" visibility="private" complexity="6" crap="6.17" count="10"/>
      <line num="88" type="stmt" count="10"/>
      <line num="89" type="stmt" count="10"/>
      <line num="90" type="stmt" count="9"/>
      <line num="91" type="stmt" count="9"/>
      <line num="93" type="stmt" count="9"/>
      <line num="94" type="stmt" count="0"/>
      <line num="99" type="method" name="isDeath" visibility="private" complexity="1" crap="1" count="12"/>
      <line num="101" type="stmt" count="12"/>
      <line num="102" type="stmt" count="12"/>
      <line num="105" type="method" name="handOutMoney" visibility="private" complexity="5" crap="5" count="10"/>
      <line num="107" type="stmt" count="10"/>
      <line num="108" type="stmt" count="10"/>
      <line num="109" type="stmt" count="10"/>
      <line num="112" type="stmt" count="5"/>
      <line num="113" type="stmt" count="5"/>
      <line num="114" type="stmt" count="5"/>
      <line num="115" type="stmt" count="5"/>
      <line num="116" type="stmt" count="5"/>
      <line num="117" type="stmt" count="5"/>
      <line num="118" type="stmt" count="5"/>
      <line num="119" type="stmt" count="5"/>
      <line num="121" type="stmt" count="5"/>
      <line num="122" type="stmt" count="5"/>
      <line num="127" type="method" name="inherit" visibility="public" complexity="7" crap="7" count="10"/>
      <line num="129" type="stmt" count="10"/>
      <line num="130" type="stmt" count="10"/>
      <line num="131" type="stmt" count="10"/>
      <line num="132" type="stmt" count="5"/>
      <line num="133" type="stmt" count="5"/>
      <line num="134" type="stmt" count="5"/>
      <line num="135" type="stmt" count="5"/>
      <line num="136" type="stmt" count="5"/>
      <line num="137" type="stmt" count="5"/>
      <line num="138" type="stmt" count="5"/>
      <line num="139" type="stmt" count="5"/>
      <line num="141" type="stmt" count="10"/>
      <line num="143" type="stmt" count="10"/>
      <line num="144" type="stmt" count="9"/>
      <line num="145" type="stmt" count="9"/>
      <line num="146" type="stmt" count="9"/>
      <line num="147" type="stmt" count="9"/>
      <line num="148" type="stmt" count="6"/>
      <line num="151" type="stmt" count="9"/>
      <line num="152" type="stmt" count="9"/>
      <line num="153" type="stmt" count="9"/>
      <line num="155" type="stmt" count="9"/>
      <line num="156" type="stmt" count="9"/>
      <line num="157" type="stmt" count="9"/>
      <line num="158" type="stmt" count="9"/>
      <line num="159" type="stmt" count="9"/>
      <line num="163" type="method" name="getEldestSon" visibility="private" complexity="3" crap="3" count="9"/>
      <line num="165" type="stmt" count="9"/>
      <line num="166" type="stmt" count="9"/>
      <line num="167" type="stmt" count="9"/>
      <line num="168" type="stmt" count="9"/>
      <line num="169" type="stmt" count="9"/>
      <line num="170" type="stmt" count="6"/>
      <line num="171" type="stmt" count="6"/>
      <line num="172" type="stmt" count="6"/>
      <line num="175" type="stmt" count="9"/>
      <line num="178" type="method" name="removePropertyType" visibility="private" complexity="3" crap="3" count="10"/>
      <line num="180" type="stmt" count="10"/>
      <line num="181" type="stmt" count="9"/>
      <line num="182" type="stmt" count="6"/>
      <line num="183" type="stmt" count="6"/>
      <line num="184" type="stmt" count="6"/>
      <line num="187" type="stmt" count="7"/>
      <line num="190" type="method" name="calculateTheTotalValueOfMyEstate" visibility="public" complexity="2" crap="2" count="3"/>
      <line num="192" type="stmt" count="3"/>
      <line num="193" type="stmt" count="3"/>
      <line num="194" type="stmt" count="3"/>
      <line num="196" type="stmt" count="3"/>
      <line num="202" type="method" name="guardSonsAreYoungerThanMe" visibility="private" complexity="3" crap="3" count="12"/>
      <line num="204" type="stmt" count="12"/>
      <line num="205" type="stmt" count="10"/>
      <line num="206" type="stmt" count="1"/>
      <metrics loc="211" ncloc="187" classes="1" methods="14" coveredmethods="13" conditionals="0" coveredconditionals="0" statements="90" coveredstatements="89" elements="104" coveredelements="102"/>
    </file>
    <file name="/var/www/distributionOfInheritances/src/DistributionOfInheritances/Domain/FamilyStructure.php">
      <class name="App\DistributionOfInheritances\Domain\FamilyStructure" namespace="global">
        <metrics complexity="13" methods="8" coveredmethods="8" conditionals="0" coveredconditionals="0" statements="41" coveredstatements="41" elements="49" coveredelements="49"/>
      </class>
      <line num="16" type="method" name="__construct" visibility="private" complexity="1" crap="1" count="4"/>
      <line num="18" type="stmt" count="4"/>
      <line num="25" type="method" name="fromArray" visibility="public" complexity="1" crap="1" count="5"/>
      <line num="27" type="stmt" count="5"/>
      <line num="28" type="stmt" count="5"/>
      <line num="29" type="stmt" count="5"/>
      <line num="30" type="stmt" count="5"/>
      <line num="31" type="stmt" count="5"/>
      <line num="32" type="stmt" count="5"/>
      <line num="33" type="stmt" count="5"/>
      <line num="34" type="stmt" count="5"/>
      <line num="35" type="stmt" count="4"/>
      <line num="37" type="stmt" count="4"/>
      <line num="43" type="method" name="getStructure" visibility="public" complexity="1" crap="1" count="1"/>
      <line num="45" type="stmt" count="1"/>
      <line num="51" type="method" name="get" visibility="public" complexity="1" crap="1" count="3"/>
      <line num="53" type="stmt" count="3"/>
      <line num="54" type="stmt" count="2"/>
      <line num="60" type="method" name="guardMemberExist" visibility="private" complexity="2" crap="2" count="3"/>
      <line num="62" type="stmt" count="3"/>
      <line num="63" type="stmt" count="1"/>
      <line num="70" type="method" name="buildSons" visibility="private" complexity="3" crap="3" count="5"/>
      <line num="72" type="stmt" count="5"/>
      <line num="73" type="stmt" count="5"/>
      <line num="74" type="stmt" count="5"/>
      <line num="75" type="stmt" count="5"/>
      <line num="76" type="stmt" count="5"/>
      <line num="77" type="stmt" count="5"/>
      <line num="78" type="stmt" count="5"/>
      <line num="79" type="stmt" count="5"/>
      <line num="80" type="stmt" count="5"/>
      <line num="82" type="stmt" count="4"/>
      <line num="83" type="stmt" count="4"/>
      <line num="84" type="stmt" count="4"/>
      <line num="85" type="stmt" count="4"/>
      <line num="86" type="stmt" count="4"/>
      <line num="87" type="stmt" count="4"/>
      <line num="89" type="stmt" count="5"/>
      <line num="90" type="stmt" count="5"/>
      <line num="91" type="stmt" count="5"/>
      <line num="94" type="stmt" count="5"/>
      <line num="100" type="method" name="buildProperties" visibility="private" complexity="2" crap="2" count="5"/>
      <line num="102" type="stmt" count="5"/>
      <line num="103" type="stmt" count="5"/>
      <line num="104" type="stmt" count="5"/>
      <line num="106" type="stmt" count="5"/>
      <line num="113" type="method" name="guardMemberNotDuplicated" visibility="private" complexity="2" crap="2" count="5"/>
      <line num="115" type="stmt" count="5"/>
      <line num="116" type="stmt" count="1"/>
      <metrics loc="119" ncloc="93" classes="1" methods="8" coveredmethods="8" conditionals="0" coveredconditionals="0" statements="41" coveredstatements="41" elements="49" coveredelements="49"/>
    </file>
    <file name="/var/www/distributionOfInheritances/src/DistributionOfInheritances/Domain/Property.php">
      <class name="App\DistributionOfInheritances\Domain\Property" namespace="global">
        <metrics complexity="4" methods="1" coveredmethods="0" conditionals="0" coveredconditionals="0" statements="8" coveredstatements="7" elements="9" coveredelements="7"/>
      </class>
      <line num="18" type="method" name="fromArray" visibility="public" complexity="4" crap="4.03" count="5"/>
      <line num="20" type="stmt" count="5"/>
      <line num="22" type="stmt" count="5"/>
      <line num="23" type="stmt" count="4"/>
      <line num="24" type="stmt" count="5"/>
      <line num="25" type="stmt" count="5"/>
      <line num="26" type="stmt" count="4"/>
      <line num="27" type="stmt" count="4"/>
      <line num="29" type="stmt" count="0"/>
      <metrics loc="31" ncloc="28" classes="1" methods="1" coveredmethods="0" conditionals="0" coveredconditionals="0" statements="8" coveredstatements="7" elements="9" coveredelements="7"/>
    </file>
    <file name="/var/www/distributionOfInheritances/src/DistributionOfInheritances/Domain/PropertyLand.php">
      <class name="App\DistributionOfInheritances\Domain\PropertyLand" namespace="global">
        <metrics complexity="4" methods="4" coveredmethods="4" conditionals="0" coveredconditionals="0" statements="4" coveredstatements="4" elements="8" coveredelements="8"/>
      </class>
      <line num="8" type="method" name="__construct" visibility="public" complexity="1" crap="1" count="9"/>
      <line num="10" type="stmt" count="9"/>
      <line num="12" type="method" name="totalMonetaryValue" visibility="public" complexity="1" crap="1" count="1"/>
      <line num="14" type="stmt" count="1"/>
      <line num="17" type="method" name="value" visibility="public" complexity="1" crap="1" count="9"/>
      <line num="19" type="stmt" count="9"/>
      <line num="22" type="method" name="type" visibility="public" complexity="1" crap="1" count="9"/>
      <line num="24" type="stmt" count="9"/>
      <metrics loc="26" ncloc="26" classes="1" methods="4" coveredmethods="4" conditionals="0" coveredconditionals="0" statements="4" coveredstatements="4" elements="8" coveredelements="8"/>
    </file>
    <file name="/var/www/distributionOfInheritances/src/DistributionOfInheritances/Domain/PropertyMoney.php">
      <class name="App\DistributionOfInheritances\Domain\PropertyMoney" namespace="global">
        <metrics complexity="4" methods="4" coveredmethods="3" conditionals="0" coveredconditionals="0" statements="4" coveredstatements="3" elements="8" coveredelements="6"/>
      </class>
      <line num="8" type="method" name="__construct" visibility="public" complexity="1" crap="1" count="10"/>
      <line num="10" type="stmt" count="10"/>
      <line num="12" type="method" name="totalMonetaryValue" visibility="public" complexity="1" crap="1" count="10"/>
      <line num="14" type="stmt" count="10"/>
      <line num="17" type="method" name="value" visibility="public" complexity="1" crap="2" count="0"/>
      <line num="19" type="stmt" count="0"/>
      <line num="22" type="method" name="type" visibility="public" complexity="1" crap="1" count="10"/>
      <line num="24" type="stmt" count="10"/>
      <metrics loc="26" ncloc="26" classes="1" methods="4" coveredmethods="3" conditionals="0" coveredconditionals="0" statements="4" coveredstatements="3" elements="8" coveredelements="6"/>
    </file>
    <file name="/var/www/distributionOfInheritances/src/DistributionOfInheritances/Domain/PropertyRealEstate.php">
      <class name="App\DistributionOfInheritances\Domain\PropertyRealEstate" namespace="global">
        <metrics complexity="3" methods="3" coveredmethods="2" conditionals="0" coveredconditionals="0" statements="3" coveredstatements="2" elements="6" coveredelements="4"/>
      </class>
      <line num="9" type="method" name="totalMonetaryValue" visibility="public" complexity="1" crap="1" count="1"/>
      <line num="11" type="stmt" count="1"/>
      <line num="14" type="method" name="value" visibility="public" complexity="1" crap="2" count="0"/>
      <line num="16" type="stmt" count="0"/>
      <line num="19" type="method" name="type" visibility="public" complexity="1" crap="1" count="9"/>
      <line num="21" type="stmt" count="9"/>
      <metrics loc="23" ncloc="23" classes="1" methods="3" coveredmethods="2" conditionals="0" coveredconditionals="0" statements="3" coveredstatements="2" elements="6" coveredelements="4"/>
    </file>
    <file name="/var/www/distributionOfInheritances/src/DistributionOfInheritances/Domain/PropertyType.php">
      <metrics loc="11" ncloc="11" classes="0" methods="0" coveredmethods="0" conditionals="0" coveredconditionals="0" statements="0" coveredstatements="0" elements="0" coveredelements="0"/>
    </file>
    <file name="/var/www/distributionOfInheritances/src/DistributionOfInheritances/Domain/SonsCollection.php">
      <class name="App\DistributionOfInheritances\Domain\SonsCollection" namespace="global">
        <metrics complexity="11" methods="8" coveredmethods="7" conditionals="0" coveredconditionals="0" statements="19" coveredstatements="18" elements="27" coveredelements="25"/>
      </class>
      <line num="14" type="method" name="__construct" visibility="public" complexity="1" crap="1" count="12"/>
      <line num="16" type="stmt" count="12"/>
      <line num="21" type="method" name="getSons" visibility="public" complexity="1" crap="1" count="10"/>
      <line num="23" type="stmt" count="10"/>
      <line num="26" type="method" name="count" visibility="public" complexity="1" crap="1" count="10"/>
      <line num="28" type="stmt" count="10"/>
      <line num="31" type="method" name="empty" visibility="public" complexity="1" crap="1" count="10"/>
      <line num="33" type="stmt" count="10"/>
      <line num="39" type="method" name="orderedFromYoungestToOldest" visibility="public" complexity="1" crap="1" count="11"/>
      <line num="41" type="stmt" count="11"/>
      <line num="42" type="stmt" count="11"/>
      <line num="43" type="stmt" count="11"/>
      <line num="46" type="method" name="orderedFromOldestToYoungest" visibility="public" complexity="1" crap="1" count="12"/>
      <line num="48" type="stmt" count="12"/>
      <line num="49" type="stmt" count="12"/>
      <line num="50" type="stmt" count="12"/>
      <line num="54" type="method" name="sonsSorter" visibility="private" complexity="2" crap="2" count="12"/>
      <line num="56" type="stmt" count="12"/>
      <line num="57" type="stmt" count="12"/>
      <line num="58" type="stmt" count="12"/>
      <line num="60" type="stmt" count="12"/>
      <line num="61" type="stmt" count="12"/>
      <line num="64" type="method" name="getSon" visibility="public" complexity="3" crap="3.14" count="4"/>
      <line num="66" type="stmt" count="4"/>
      <line num="67" type="stmt" count="4"/>
      <line num="68" type="stmt" count="4"/>
      <line num="71" type="stmt" count="0"/>
      <metrics loc="73" ncloc="64" classes="1" methods="8" coveredmethods="7" conditionals="0" coveredconditionals="0" statements="19" coveredstatements="18" elements="27" coveredelements="25"/>
    </file>
    <file name="/var/www/distributionOfInheritances/src/DistributionOfInheritances/Infrastructure/Api/HeritageByNameGetController.php">
      <class name="App\DistributionOfInheritances\Infrastructure\Api\HeritageByNameGetController" namespace="global">
        <metrics complexity="3" methods="2" coveredmethods="1" conditionals="0" coveredconditionals="0" statements="17" coveredstatements="15" elements="19" coveredelements="16"/>
      </class>
      <line num="16" type="method" name="__construct" visibility="public" complexity="1" crap="1" count="2"/>
      <line num="18" type="stmt" count="2"/>
      <line num="20" type="method" name="__invoke" visibility="public" complexity="2" crap="2.01" count="2"/>
      <line num="23" type="stmt" count="2"/>
      <line num="25" type="stmt" count="2"/>
      <line num="26" type="stmt" count="2"/>
      <line num="27" type="stmt" count="2"/>
      <line num="28" type="stmt" count="2"/>
      <line num="29" type="stmt" count="2"/>
      <line num="30" type="stmt" count="2"/>
      <line num="31" type="stmt" count="2"/>
      <line num="32" type="stmt" count="2"/>
      <line num="33" type="stmt" count="2"/>
      <line num="34" type="stmt" count="2"/>
      <line num="35" type="stmt" count="2"/>
      <line num="36" type="stmt" count="2"/>
      <line num="37" type="stmt" count="2"/>
      <line num="38" type="stmt" count="0"/>
      <line num="39" type="stmt" count="0"/>
      <metrics loc="44" ncloc="44" classes="1" methods="2" coveredmethods="1" conditionals="0" coveredconditionals="0" statements="17" coveredstatements="15" elements="19" coveredelements="16"/>
    </file>
    <file name="/var/www/distributionOfInheritances/src/Kernel.php">
      <class name="App\Kernel" namespace="global">
        <metrics complexity="0" methods="0" coveredmethods="0" conditionals="0" coveredconditionals="0" statements="0" coveredstatements="0" elements="0" coveredelements="0"/>
      </class>
      <metrics loc="12" ncloc="12" classes="0" methods="0" coveredmethods="0" conditionals="0" coveredconditionals="0" statements="0" coveredstatements="0" elements="0" coveredelements="0"/>
    </file>
    <file name="/var/www/distributionOfInheritances/src/Shared/Domain/Bus/Command/Command.php">
      <metrics loc="10" ncloc="10" classes="0" methods="0" coveredmethods="0" conditionals="0" coveredconditionals="0" statements="0" coveredstatements="0" elements="0" coveredelements="0"/>
    </file>
    <file name="/var/www/distributionOfInheritances/src/Shared/Domain/Bus/Command/CommandBus.php">
      <metrics loc="11" ncloc="11" classes="0" methods="0" coveredmethods="0" conditionals="0" coveredconditionals="0" statements="0" coveredstatements="0" elements="0" coveredelements="0"/>
    </file>
    <file name="/var/www/distributionOfInheritances/src/Shared/Domain/Bus/Command/CommandHandler.php">
      <metrics loc="10" ncloc="10" classes="0" methods="0" coveredmethods="0" conditionals="0" coveredconditionals="0" statements="0" coveredstatements="0" elements="0" coveredelements="0"/>
    </file>
    <file name="/var/www/distributionOfInheritances/src/Shared/Domain/Bus/Query/Query.php">
      <metrics loc="10" ncloc="10" classes="0" methods="0" coveredmethods="0" conditionals="0" coveredconditionals="0" statements="0" coveredstatements="0" elements="0" coveredelements="0"/>
    </file>
    <file name="/var/www/distributionOfInheritances/src/Shared/Domain/Bus/Query/QueryBus.php">
      <metrics loc="11" ncloc="11" classes="0" methods="0" coveredmethods="0" conditionals="0" coveredconditionals="0" statements="0" coveredstatements="0" elements="0" coveredelements="0"/>
    </file>
    <file name="/var/www/distributionOfInheritances/src/Shared/Domain/Bus/Query/QueryHandler.php">
      <metrics loc="10" ncloc="10" classes="0" methods="0" coveredmethods="0" conditionals="0" coveredconditionals="0" statements="0" coveredstatements="0" elements="0" coveredelements="0"/>
    </file>
    <file name="/var/www/distributionOfInheritances/src/Shared/Domain/Bus/Query/Response.php">
      <metrics loc="10" ncloc="10" classes="0" methods="0" coveredmethods="0" conditionals="0" coveredconditionals="0" statements="0" coveredstatements="0" elements="0" coveredelements="0"/>
    </file>
    <file name="/var/www/distributionOfInheritances/src/Shared/Infrastructure/Bus/CallableFirstParameterExtractor.php">
      <class name="App\Shared\Infrastructure\Bus\CallableFirstParameterExtractor" namespace="global">
        <metrics complexity="8" methods="6" coveredmethods="4" conditionals="0" coveredconditionals="0" statements="13" coveredstatements="11" elements="19" coveredelements="15"/>
      </class>
      <line num="18" type="method" name="forCallables" visibility="public" complexity="1" crap="1" count="2"/>
      <line num="20" type="stmt" count="2"/>
      <line num="24" type="method" name="classExtractor" visibility="private" complexity="1" crap="1" count="2"/>
      <line num="26" type="stmt" count="2"/>
      <line num="29" type="method" name="unflatten" visibility="private" complexity="1" crap="1" count="2"/>
      <line num="31" type="stmt" count="2"/>
      <line num="37" type="method" name="extract" visibility="public" complexity="2" crap="2.03" count="2"/>
      <line num="39" type="stmt" count="2"/>
      <line num="40" type="stmt" count="2"/>
      <line num="42" type="stmt" count="2"/>
      <line num="43" type="stmt" count="2"/>
      <line num="46" type="stmt" count="0"/>
      <line num="49" type="method" name="firstParameterClassFrom" visibility="private" complexity="2" crap="2.06" count="2"/>
      <line num="52" type="stmt" count="2"/>
      <line num="54" type="stmt" count="2"/>
      <line num="55" type="stmt" count="0"/>
      <line num="58" type="stmt" count="2"/>
      <line num="61" type="method" name="hasOnlyOneParameter" visibility="private" complexity="1" crap="1" count="2"/>
      <line num="63" type="stmt" count="2"/>
      <metrics loc="66" ncloc="62" classes="1" methods="6" coveredmethods="4" conditionals="0" coveredconditionals="0" statements="13" coveredstatements="11" elements="19" coveredelements="15"/>
    </file>
    <file name="/var/www/distributionOfInheritances/src/Shared/Infrastructure/Bus/Command/CommandNotRegisteredError.php">
      <class name="App\Shared\Infrastructure\Bus\Command\CommandNotRegisteredError" namespace="global">
        <metrics complexity="1" methods="1" coveredmethods="0" conditionals="0" coveredconditionals="0" statements="2" coveredstatements="0" elements="3" coveredelements="0"/>
      </class>
      <line num="12" type="method" name="__construct" visibility="public" complexity="1" crap="2" count="0"/>
      <line num="14" type="stmt" count="0"/>
      <line num="16" type="stmt" count="0"/>
      <metrics loc="19" ncloc="19" classes="1" methods="1" coveredmethods="0" conditionals="0" coveredconditionals="0" statements="2" coveredstatements="0" elements="3" coveredelements="0"/>
    </file>
    <file name="/var/www/distributionOfInheritances/src/Shared/Infrastructure/Bus/Command/InMemorySymfonyCommandBus.php">
      <class name="App\Shared\Infrastructure\Bus\Command\InMemorySymfonyCommandBus" namespace="global">
        <metrics complexity="4" methods="2" coveredmethods="0" conditionals="0" coveredconditionals="0" statements="12" coveredstatements="0" elements="14" coveredelements="0"/>
      </class>
      <line num="20" type="method" name="__construct" visibility="public" complexity="1" crap="2" count="0"/>
      <line num="22" type="stmt" count="0"/>
      <line num="23" type="stmt" count="0"/>
      <line num="24" type="stmt" count="0"/>
      <line num="25" type="stmt" count="0"/>
      <line num="26" type="stmt" count="0"/>
      <line num="27" type="stmt" count="0"/>
      <line num="28" type="stmt" count="0"/>
      <line num="31" type="method" name="dispatch" visibility="public" complexity="3" crap="12" count="0"/>
      <line num="34" type="stmt" count="0"/>
      <line num="35" type="stmt" count="0"/>
      <line num="36" type="stmt" count="0"/>
      <line num="37" type="stmt" count="0"/>
      <line num="38" type="stmt" count="0"/>
      <metrics loc="42" ncloc="42" classes="1" methods="2" coveredmethods="0" conditionals="0" coveredconditionals="0" statements="12" coveredstatements="0" elements="14" coveredelements="0"/>
    </file>
    <file name="/var/www/distributionOfInheritances/src/Shared/Infrastructure/Bus/Query/InMemorySymfonyQueryBus.php">
      <class name="App\Shared\Infrastructure\Bus\Query\InMemorySymfonyQueryBus" namespace="global">
        <metrics complexity="3" methods="2" coveredmethods="1" conditionals="0" coveredconditionals="0" statements="11" coveredstatements="9" elements="13" coveredelements="10"/>
      </class>
      <line num="21" type="method" name="__construct" visibility="public" complexity="1" crap="1" count="2"/>
      <line num="23" type="stmt" count="2"/>
      <line num="24" type="stmt" count="2"/>
      <line num="25" type="stmt" count="2"/>
      <line num="26" type="stmt" count="2"/>
      <line num="27" type="stmt" count="2"/>
      <line num="28" type="stmt" count="2"/>
      <line num="29" type="stmt" count="2"/>
      <line num="32" type="method" name="ask" visibility="public" complexity="2" crap="2.50" count="2"/>
      <line num="36" type="stmt" count="2"/>
      <line num="38" type="stmt" count="2"/>
      <line num="39" type="stmt" count="0"/>
      <line num="40" type="stmt" count="0"/>
      <metrics loc="44" ncloc="43" classes="1" methods="2" coveredmethods="1" conditionals="0" coveredconditionals="0" statements="11" coveredstatements="9" elements="13" coveredelements="10"/>
    </file>
    <file name="/var/www/distributionOfInheritances/src/Shared/Infrastructure/Bus/Query/QueryNotRegisteredError.php">
      <class name="App\Shared\Infrastructure\Bus\Query\QueryNotRegisteredError" namespace="global">
        <metrics complexity="1" methods="1" coveredmethods="0" conditionals="0" coveredconditionals="0" statements="2" coveredstatements="0" elements="3" coveredelements="0"/>
      </class>
      <line num="12" type="method" name="__construct" visibility="public" complexity="1" crap="2" count="0"/>
      <line num="14" type="stmt" count="0"/>
      <line num="16" type="stmt" count="0"/>
      <metrics loc="19" ncloc="19" classes="1" methods="1" coveredmethods="0" conditionals="0" coveredconditionals="0" statements="2" coveredstatements="0" elements="3" coveredelements="0"/>
    </file>
    <metrics files="28" loc="962" ncloc="886" classes="19" methods="66" coveredmethods="53" conditionals="0" coveredconditionals="0" statements="240" coveredstatements="213" elements="306" coveredelements="266"/>
  </project>
</coverage>
